Now we try to solve 8 tailes
print out tile ('r', 'y', 'g', 'r', 'g', 'y') 
   _______
  /   g   \
 /y       r\
/           \
\           /
 \r       g/
  \___y___/ 
print out tile ('y', 'r', 'b', 'r', 'y', 'b') 
   _______
  /   b   \
 /r       r\
/           \
\           /
 \y       y/
  \___b___/ 
print out tile ('y', 'b', 'g', 'b', 'g', 'y') 
   _______
  /   g   \
 /b       b\
/           \
\           /
 \y       g/
  \___y___/ 
print out tile ('y', 'b', 'y', 'g', 'g', 'b') 
   _______
  /   y   \
 /b       g\
/           \
\           /
 \y       g/
  \___b___/ 
print out tile ('r', 'y', 'r', 'y', 'b', 'b') 
   _______
  /   r   \
 /y       y\
/           \
\           /
 \r       b/
  \___b___/ 
print out tile ('r', 'b', 'r', 'g', 'b', 'g') 
   _______
  /   r   \
 /b       g\
/           \
\           /
 \r       b/
  \___g___/ 
print out tile ('y', 'y', 'r', 'b', 'b', 'r') 
   _______
  /   r   \
 /y       b\
/           \
\           /
 \y       b/
  \___r___/ 
print out tile ('b', 'r', 'r', 'b', 'y', 'y') 
   _______
  /   r   \
 /r       b\
/           \
\           /
 \b       y/
  \___y___/ 

Start up
Init compled, total we have 48 tiles, including all rotations
 
     '                                              _______      
     '                                             /       \     
     '                                            /         \    
     '                                    _______/           \   
     '                                   /       \           /   
     '                                  /         \         /   
     '                          _______/           \___ ___/                      
     '                         /       \           /       \                       
     '                        /         \         /         \                 
     '                _______/           \___ ___/           \                        
     '               /       \           /       \           /                    
     '              /         \         /         \         /                        
     '      _______/           \___ ___/           \___ ___/                      
     '     /       \           /       \           /       \                        
     '    /         \         /         \         /         \                       
     '   /           \___ ___/           \___ ___/           \                  
     '   \           /       \           /       \           /            
     '    \         /         \         /         \         /               
     '     \___ ___/           \___ ___/           \___ ___/                       
     '             \           /       \           /       \                
     '              \         /         \         /         \           
     '               \___ ___/           \___ ___/           \      
     '                       \           /       \           /      
     '                        \         /         \         /       
     '                         \___ ___/           \___ ___/    
     '                                 \           /       \    
     '                                  \         /         \  
     '                                   \___ ___/           \  
     '                                           \           /  
     '                                            \         /  
     '                                             \___ ___/    
     '  
Startup time is: 10/03/16 13:15:43, 13:15:43
TantrixPyramid15
finction h ret const 0
Current State:
 
     '                                              _______      
     '                                             /       \     
     '                                            /         \    
     '                                    _______/           \   
     '                                   /       \           /   
     '                                  /         \         /   
     '                          _______/           \___ ___/                      
     '                         /       \           /       \                       
     '                        /         \         /         \                 
     '                _______/           \___ ___/           \                        
     '               /       \           /       \           /                    
     '              /         \         /         \         /                        
     '      _______/           \___ ___/           \___ ___/                      
     '     /       \           /       \           /       \                        
     '    /         \         /         \         /         \                       
     '   /           \___ ___/           \___ ___/           \                  
     '   \           /       \           /       \           /            
     '    \         /         \         /         \         /               
     '     \___ ___/           \___ ___/           \___ ___/                       
     '             \           /       \           /       \                
     '              \         /         \         /         \           
     '               \___ ___/           \___ ___/           \      
     '                       \           /       \           /      
     '                        \         /         \         /       
     '                         \___ ___/           \___ ___/    
     '                                 \           /       \    
     '                                  \         /         \  
     '                                   \___ ___/           \  
     '                                           \           /  
     '                                            \         /  
     '                                             \___ ___/    
     '  
Ready to start astar_search
We finde the solution!
Local current time : Mon Oct 03 13:17:39 2016
 
     '                                              _______      
     '                                             /       \     
     '                                            /         \    
     '                                    _______/           \   
     '                                   /       \           /   
     '                                  /         \         /   
     '                          _______/           \___ ___/                      
     '                         /   r   \           /       \                       
     '                        /b       r\         /         \                 
     '                _______/           \___ ___/           \                        
     '               /   b   \           /       \           /                    
     '              /y       y\y       b/         \         /                        
     '      _______/           \___y___/           \___ ___/                      
     '     /   b   \           /   y   \           /       \                        
     '    /r       r\r       r/r       g\         /         \                       
     '   /           \___b___/           \___ ___/           \                  
     '   \           /   b   \           /   y   \           /            
     '    \g       g/g       y\y       r/r       b\         /               
     '     \___b___/           \___g___/           \___ ___/                       
     '             \           /   g   \           /       \                
     '              \g       b/b       y\y       b/         \           
     '               \___y___/           \___r___/           \      
     '                       \           /   r   \           /      
     '                        \g       y/y       b\         /       
     '                         \___b___/           \___ ___/    
     '                                 \           /       \    
     '                                  \y       b/         \  
     '                                   \___r___/           \  
     '                                           \           /  
     '                                            \         /  
     '                                             \___ ___/    
     '  
Now the astar_search complited, current time is:10/03/16 13:17:39, 13:17:39,  take 115.85800004 sec 


We finde the solution!
Local current time : Mon Oct 03 13:19:50 2016
 
     '                                              _______      
     '                                             /       \     
     '                                            /         \    
     '                                    _______/           \   
     '                                   /       \           /   
     '                                  /         \         /   
     '                          _______/           \___ ___/                      
     '                         /   b   \           /       \                       
     '                        /y       y\         /         \                 
     '                _______/           \___ ___/           \                        
     '               /   y   \           /       \           /                    
     '              /r       r\r       r/         \         /                        
     '      _______/           \___b___/           \___ ___/                      
     '     /   y   \           /   b   \           /       \                        
     '    /y       b\b       y/y       y\         /         \                       
     '   /           \___b___/           \___ ___/           \                  
     '   \           /   b   \           /   b   \           /            
     '    \b       r/r       b\b       g/g       g\         /               
     '     \___r___/           \___g___/           \___ ___/                       
     '             \           /   g   \           /       \                
     '              \y       r/r       b\b       y/         \           
     '               \___y___/           \___y___/           \      
     '                       \           /   y   \           /      
     '                        \b       g/g       r\         /       
     '                         \___r___/           \___ ___/    
     '                                 \           /       \    
     '                                  \r       y/         \  
     '                                   \___g___/           \  
     '                                           \           /  
     '                                            \         /  
     '                                             \___ ___/    
     '  
algorithm      Tantrix pyramid 15      
astar_search   <29201/29203/30354/(('b>
End time is: 10/03/16 13:19:50, 13:19:50
