print out tile ('r', 'y', 'g', 'r', 'g', 'y') 
   _______
  /   g   \
 /y       r\
/           \
\           /
 \r       g/
  \___y___/ 
print out tile ('y', 'r', 'b', 'r', 'y', 'b') 
   _______
  /   b   \
 /r       r\
/           \
\           /
 \y       y/
  \___b___/ 
print out tile ('y', 'b', 'g', 'b', 'g', 'y') 
   _______
  /   g   \
 /b       b\
/           \
\           /
 \y       g/
  \___y___/ 
print out tile ('y', 'b', 'y', 'g', 'g', 'b') 
   _______
  /   y   \
 /b       g\
/           \
\           /
 \y       g/
  \___b___/ 
print out tile ('r', 'y', 'r', 'y', 'b', 'b') 
   _______
  /   r   \
 /y       y\
/           \
\           /
 \r       b/
  \___b___/ 
print out tile ('r', 'b', 'r', 'g', 'b', 'g') 
   _______
  /   r   \
 /b       g\
/           \
\           /
 \r       b/
  \___g___/ 

Start up
Init compled, total we have 36 tiles, including all rotations
 
     '                                              _______      
     '                                             /       \     
     '                                            /         \    
     '                                    _______/           \   
     '                                   /       \           /   
     '                                  /         \         /   
     '                          _______/           \___ ___/                      
     '                         /       \           /       \                       
     '                        /         \         /         \                 
     '                _______/           \___ ___/           \                        
     '               /       \           /       \           /                    
     '              /         \         /         \         /                        
     '      _______/           \___ ___/           \___ ___/                      
     '     /       \           /       \           /       \                        
     '    /         \         /         \         /         \                       
     '   /           \___ ___/           \___ ___/           \                  
     '   \           /       \           /       \           /            
     '    \         /         \         /         \         /               
     '     \___ ___/           \___ ___/           \___ ___/                       
     '             \           /       \           /       \                
     '              \         /         \         /         \           
     '               \___ ___/           \___ ___/           \      
     '                       \           /       \           /      
     '                        \         /         \         /       
     '                         \___ ___/           \___ ___/    
     '                                 \           /       \    
     '                                  \         /         \  
     '                                   \___ ___/           \  
     '                                           \           /  
     '                                            \         /  
     '                                             \___ ___/    
     '  
Startup time is: 10/01/16 12:29:13, 12:29:13
TantrixPyramid15
Current State:
 
     '                                              _______      
     '                                             /       \     
     '                                            /         \    
     '                                    _______/           \   
     '                                   /       \           /   
     '                                  /         \         /   
     '                          _______/           \___ ___/                      
     '                         /       \           /       \                       
     '                        /         \         /         \                 
     '                _______/           \___ ___/           \                        
     '               /       \           /       \           /                    
     '              /         \         /         \         /                        
     '      _______/           \___ ___/           \___ ___/                      
     '     /       \           /       \           /       \                        
     '    /         \         /         \         /         \                       
     '   /           \___ ___/           \___ ___/           \                  
     '   \           /       \           /       \           /            
     '    \         /         \         /         \         /               
     '     \___ ___/           \___ ___/           \___ ___/                       
     '             \           /       \           /       \                
     '              \         /         \         /         \           
     '               \___ ___/           \___ ___/           \      
     '                       \           /       \           /      
     '                        \         /         \         /       
     '                         \___ ___/           \___ ___/    
     '                                 \           /       \    
     '                                  \         /         \  
     '                                   \___ ___/           \  
     '                                           \           /  
     '                                            \         /  
     '                                             \___ ___/    
     '  
Ready to start breadth_first_tree_search
We finde the solution!
Local current time : Sat Oct 01 12:29:13 2016
 
     '                                              _______      
     '                                             /       \     
     '                                            /         \    
     '                                    _______/           \   
     '                                   /       \           /   
     '                                  /         \         /   
     '                          _______/           \___ ___/                      
     '                         /   b   \           /       \                       
     '                        /g       y\         /         \                 
     '                _______/           \___ ___/           \                        
     '               /   y   \           /       \           /                    
     '              /r       g\g       b/         \         /                        
     '      _______/           \___y___/           \___ ___/                      
     '     /   r   \           /   y   \           /       \                        
     '    /b       y\y       r/r       r\         /         \                       
     '   /           \___g___/           \___ ___/           \                  
     '   \           /   g   \           /       \           /            
     '    \r       b/b       b\b       y/         \         /               
     '     \___y___/           \___b___/           \___ ___/                       
     '             \           /   b   \           /       \                
     '              \y       g/g       g\         /         \           
     '               \___y___/           \___ ___/           \      
     '                       \           /       \           /      
     '                        \r       r/         \         /       
     '                         \___b___/           \___ ___/    
     '                                 \           /       \    
     '                                  \         /         \  
     '                                   \___ ___/           \  
     '                                           \           /  
     '                                            \         /  
     '                                             \___ ___/    
     '  
Now the breadth_first_tree_search complited, current time is: 10/01/16 12:29:13, 12:29:13


Ready to start depth_first_tree_search
We finde the solution!
Local current time : Sat Oct 01 12:29:13 2016
 
     '                                              _______      
     '                                             /       \     
     '                                            /         \    
     '                                    _______/           \   
     '                                   /       \           /   
     '                                  /         \         /   
     '                          _______/           \___ ___/                      
     '                         /   g   \           /       \                       
     '                        /b       b\         /         \                 
     '                _______/           \___ ___/           \                        
     '               /   r   \           /       \           /                    
     '              /y       y\y       g/         \         /                        
     '      _______/           \___y___/           \___ ___/                      
     '     /   g   \           /   y   \           /       \                        
     '    /y       r\r       b/b       r\         /         \                       
     '   /           \___b___/           \___ ___/           \                  
     '   \           /   b   \           /       \           /            
     '    \r       g/g       y\y       b/         \         /               
     '     \___y___/           \___r___/           \___ ___/                       
     '             \           /   r   \           /       \                
     '              \g       b/b       g\         /         \           
     '               \___y___/           \___ ___/           \      
     '                       \           /       \           /      
     '                        \r       b/         \         /       
     '                         \___g___/           \___ ___/    
     '                                 \           /       \    
     '                                  \         /         \  
     '                                   \___ ___/           \  
     '                                           \           /  
     '                                            \         /  
     '                                             \___ ___/    
     '  
Now the depth_first_tree_search complited, current time : 10/01/16 12:29:13, 12:29:13


Ready to start depth_first_graph_search
We finde the solution!
Local current time : Sat Oct 01 12:29:13 2016
 
     '                                              _______      
     '                                             /       \     
     '                                            /         \    
     '                                    _______/           \   
     '                                   /       \           /   
     '                                  /         \         /   
     '                          _______/           \___ ___/                      
     '                         /   g   \           /       \                       
     '                        /b       b\         /         \                 
     '                _______/           \___ ___/           \                        
     '               /   r   \           /       \           /                    
     '              /y       y\y       g/         \         /                        
     '      _______/           \___y___/           \___ ___/                      
     '     /   g   \           /   y   \           /       \                        
     '    /y       r\r       b/b       r\         /         \                       
     '   /           \___b___/           \___ ___/           \                  
     '   \           /   b   \           /       \           /            
     '    \r       g/g       y\y       b/         \         /               
     '     \___y___/           \___r___/           \___ ___/                       
     '             \           /   r   \           /       \                
     '              \g       b/b       g\         /         \           
     '               \___y___/           \___ ___/           \      
     '                       \           /       \           /      
     '                        \r       b/         \         /       
     '                         \___g___/           \___ ___/    
     '                                 \           /       \    
     '                                  \         /         \  
     '                                   \___ ___/           \  
     '                                           \           /  
     '                                            \         /  
     '                                             \___ ___/    
     '  
Now the depth_first_graph_search complited, current time : 10/01/16 12:29:13, 12:29:13


Ready to start breadth_first_search
We finde the solution!
Local current time : Sat Oct 01 12:29:14 2016
 
     '                                              _______      
     '                                             /       \     
     '                                            /         \    
     '                                    _______/           \   
     '                                   /       \           /   
     '                                  /         \         /   
     '                          _______/           \___ ___/                      
     '                         /   b   \           /       \                       
     '                        /g       y\         /         \                 
     '                _______/           \___ ___/           \                        
     '               /   y   \           /       \           /                    
     '              /r       g\g       b/         \         /                        
     '      _______/           \___y___/           \___ ___/                      
     '     /   r   \           /   y   \           /       \                        
     '    /b       y\y       r/r       r\         /         \                       
     '   /           \___g___/           \___ ___/           \                  
     '   \           /   g   \           /       \           /            
     '    \r       b/b       b\b       y/         \         /               
     '     \___y___/           \___b___/           \___ ___/                       
     '             \           /   b   \           /       \                
     '              \y       g/g       g\         /         \           
     '               \___y___/           \___ ___/           \      
     '                       \           /       \           /      
     '                        \r       r/         \         /       
     '                         \___b___/           \___ ___/    
     '                                 \           /       \    
     '                                  \         /         \  
     '                                   \___ ___/           \  
     '                                           \           /  
     '                                            \         /  
     '                                             \___ ___/    
     '  
Now the breadth_first_search complited, current time : 10/01/16 12:29:14, 12:29:14


We finde the solution!
Local current time : Sat Oct 01 12:29:14 2016
 
     '                                              _______      
     '                                             /       \     
     '                                            /         \    
     '                                    _______/           \   
     '                                   /       \           /   
     '                                  /         \         /   
     '                          _______/           \___ ___/                      
     '                         /   b   \           /       \                       
     '                        /g       y\         /         \                 
     '                _______/           \___ ___/           \                        
     '               /   y   \           /       \           /                    
     '              /r       g\g       b/         \         /                        
     '      _______/           \___y___/           \___ ___/                      
     '     /   r   \           /   y   \           /       \                        
     '    /b       y\y       r/r       r\         /         \                       
     '   /           \___g___/           \___ ___/           \                  
     '   \           /   g   \           /       \           /            
     '    \r       b/b       b\b       y/         \         /               
     '     \___y___/           \___b___/           \___ ___/                       
     '             \           /   b   \           /       \                
     '              \y       g/g       g\         /         \           
     '               \___y___/           \___ ___/           \      
     '                       \           /       \           /      
     '                        \r       r/         \         /       
     '                         \___b___/           \___ ___/    
     '                                 \           /       \    
     '                                  \         /         \  
     '                                   \___ ___/           \  
     '                                           \           /  
     '                                            \         /  
     '                                             \___ ___/    
     '  
We finde the solution!
Local current time : Sat Oct 01 12:29:14 2016
 
     '                                              _______      
     '                                             /       \     
     '                                            /         \    
     '                                    _______/           \   
     '                                   /       \           /   
     '                                  /         \         /   
     '                          _______/           \___ ___/                      
     '                         /   g   \           /       \                       
     '                        /b       b\         /         \                 
     '                _______/           \___ ___/           \                        
     '               /   r   \           /       \           /                    
     '              /y       y\y       g/         \         /                        
     '      _______/           \___y___/           \___ ___/                      
     '     /   g   \           /   y   \           /       \                        
     '    /y       r\r       b/b       r\         /         \                       
     '   /           \___b___/           \___ ___/           \                  
     '   \           /   b   \           /       \           /            
     '    \r       g/g       y\y       b/         \         /               
     '     \___y___/           \___r___/           \___ ___/                       
     '             \           /   r   \           /       \                
     '              \g       b/b       g\         /         \           
     '               \___y___/           \___ ___/           \      
     '                       \           /       \           /      
     '                        \r       b/         \         /       
     '                         \___g___/           \___ ___/    
     '                                 \           /       \    
     '                                  \         /         \  
     '                                   \___ ___/           \  
     '                                           \           /  
     '                                            \         /  
     '                                             \___ ___/    
     '  
We finde the solution!
Local current time : Sat Oct 01 12:29:14 2016
 
     '                                              _______      
     '                                             /       \     
     '                                            /         \    
     '                                    _______/           \   
     '                                   /       \           /   
     '                                  /         \         /   
     '                          _______/           \___ ___/                      
     '                         /   g   \           /       \                       
     '                        /b       b\         /         \                 
     '                _______/           \___ ___/           \                        
     '               /   r   \           /       \           /                    
     '              /y       y\y       g/         \         /                        
     '      _______/           \___y___/           \___ ___/                      
     '     /   g   \           /   y   \           /       \                        
     '    /y       r\r       b/b       r\         /         \                       
     '   /           \___b___/           \___ ___/           \                  
     '   \           /   b   \           /       \           /            
     '    \r       g/g       y\y       b/         \         /               
     '     \___y___/           \___r___/           \___ ___/                       
     '             \           /   r   \           /       \                
     '              \g       b/b       g\         /         \           
     '               \___y___/           \___ ___/           \      
     '                       \           /       \           /      
     '                        \r       b/         \         /       
     '                         \___g___/           \___ ___/    
     '                                 \           /       \    
     '                                  \         /         \  
     '                                   \___ ___/           \  
     '                                           \           /  
     '                                            \         /  
     '                                             \___ ___/    
     '  
We finde the solution!
Local current time : Sat Oct 01 12:29:15 2016
 
     '                                              _______      
     '                                             /       \     
     '                                            /         \    
     '                                    _______/           \   
     '                                   /       \           /   
     '                                  /         \         /   
     '                          _______/           \___ ___/                      
     '                         /   b   \           /       \                       
     '                        /g       y\         /         \                 
     '                _______/           \___ ___/           \                        
     '               /   y   \           /       \           /                    
     '              /r       g\g       b/         \         /                        
     '      _______/           \___y___/           \___ ___/                      
     '     /   r   \           /   y   \           /       \                        
     '    /b       y\y       r/r       r\         /         \                       
     '   /           \___g___/           \___ ___/           \                  
     '   \           /   g   \           /       \           /            
     '    \r       b/b       b\b       y/         \         /               
     '     \___y___/           \___b___/           \___ ___/                       
     '             \           /   b   \           /       \                
     '              \y       g/g       g\         /         \           
     '               \___y___/           \___ ___/           \      
     '                       \           /       \           /      
     '                        \r       r/         \         /       
     '                         \___b___/           \___ ___/    
     '                                 \           /       \    
     '                                  \         /         \  
     '                                   \___ ___/           \  
     '                                           \           /  
     '                                            \         /  
     '                                             \___ ___/    
     '  
algorithm                   Tantrix pyramid 15   
breadth_first_tree_search   <2687/2688/2800/(('r>
depth_first_tree_search     <  18/  19/  62/(('r>
depth_first_graph_search    <  18/  19/  62/(('r>
breadth_first_search        <2365/2688/2687/(('r>
End
