print out tile ('r', 'y', 'g', 'r', 'g', 'y') 
   _______
  /   g   \
 /y       r\
/           \
\           /
 \r       g/
  \___y___/ 
print out tile ('y', 'r', 'b', 'r', 'y', 'b') 
   _______
  /   b   \
 /r       r\
/           \
\           /
 \y       y/
  \___b___/ 
print out tile ('y', 'b', 'g', 'b', 'g', 'y') 
   _______
  /   g   \
 /b       b\
/           \
\           /
 \y       g/
  \___y___/ 
print out tile ('y', 'b', 'y', 'g', 'g', 'b') 
   _______
  /   y   \
 /b       g\
/           \
\           /
 \y       g/
  \___b___/ 
print out tile ('r', 'y', 'r', 'y', 'b', 'b') 
   _______
  /   r   \
 /y       y\
/           \
\           /
 \r       b/
  \___b___/ 
print out tile ('r', 'b', 'r', 'g', 'b', 'g') 
   _______
  /   r   \
 /b       g\
/           \
\           /
 \r       b/
  \___g___/ 
print out tile ('y', 'y', 'r', 'b', 'b', 'r') 
   _______
  /   r   \
 /y       b\
/           \
\           /
 \y       b/
  \___r___/ 
print out tile ('b', 'r', 'r', 'b', 'y', 'y') 
   _______
  /   r   \
 /r       b\
/           \
\           /
 \b       y/
  \___y___/ 
print out tile ('r', 'y', 'y', 'b', 'b', 'r') 
   _______
  /   y   \
 /y       b\
/           \
\           /
 \r       b/
  \___r___/ 
print out tile ('b', 'b', 'y', 'y', 'r', 'r') 
   _______
  /   y   \
 /b       y\
/           \
\           /
 \b       r/
  \___r___/ 

Start up
Init compled, total we have 60 tiles, including all rotations
 
     '                                              _______      
     '                                             /       \     
     '                                            /         \    
     '                                    _______/           \   
     '                                   /       \           /   
     '                                  /         \         /   
     '                          _______/           \___ ___/                      
     '                         /       \           /       \                       
     '                        /         \         /         \                 
     '                _______/           \___ ___/           \                        
     '               /       \           /       \           /                    
     '              /         \         /         \         /                        
     '      _______/           \___ ___/           \___ ___/                      
     '     /       \           /       \           /       \                        
     '    /         \         /         \         /         \                       
     '   /           \___ ___/           \___ ___/           \                  
     '   \           /       \           /       \           /            
     '    \         /         \         /         \         /               
     '     \___ ___/           \___ ___/           \___ ___/                       
     '             \           /       \           /       \                
     '              \         /         \         /         \           
     '               \___ ___/           \___ ___/           \      
     '                       \           /       \           /      
     '                        \         /         \         /       
     '                         \___ ___/           \___ ___/    
     '                                 \           /       \    
     '                                  \         /         \  
     '                                   \___ ___/           \  
     '                                           \           /  
     '                                            \         /  
     '                                             \___ ___/    
     '  
Startup time is: 10/01/16 12:41:32, 12:41:32
TantrixPyramid15
Current State:
 
     '                                              _______      
     '                                             /       \     
     '                                            /         \    
     '                                    _______/           \   
     '                                   /       \           /   
     '                                  /         \         /   
     '                          _______/           \___ ___/                      
     '                         /       \           /       \                       
     '                        /         \         /         \                 
     '                _______/           \___ ___/           \                        
     '               /       \           /       \           /                    
     '              /         \         /         \         /                        
     '      _______/           \___ ___/           \___ ___/                      
     '     /       \           /       \           /       \                        
     '    /         \         /         \         /         \                       
     '   /           \___ ___/           \___ ___/           \                  
     '   \           /       \           /       \           /            
     '    \         /         \         /         \         /               
     '     \___ ___/           \___ ___/           \___ ___/                       
     '             \           /       \           /       \                
     '              \         /         \         /         \           
     '               \___ ___/           \___ ___/           \      
     '                       \           /       \           /      
     '                        \         /         \         /       
     '                         \___ ___/           \___ ___/    
     '                                 \           /       \    
     '                                  \         /         \  
     '                                   \___ ___/           \  
     '                                           \           /  
     '                                            \         /  
     '                                             \___ ___/    
     '  
Ready to start breadth_first_tree_search
We finde the solution!
Local current time : Sat Oct 01 12:41:56 2016
 
     '                                              _______      
     '                                             /       \     
     '                                            /         \    
     '                                    _______/           \   
     '                                   /   y   \           /   
     '                                  /y       b\         /   
     '                          _______/           \___ ___/                      
     '                         /   g   \           /       \                       
     '                        /y       g\g       g/         \                 
     '                _______/           \___b___/           \                        
     '               /   r   \           /   b   \           /                    
     '              /r       b\b       b/b       r\         /                        
     '      _______/           \___y___/           \___ ___/                      
     '     /   y   \           /   y   \           /       \                        
     '    /r       y\y       b/b       y\y       r/         \                       
     '   /           \___y___/           \___y___/           \                  
     '   \           /   y   \           /   y   \           /            
     '    \b       r/r       r\r       b/b       r\         /               
     '     \___b___/           \___r___/           \___ ___/                       
     '             \           /   r   \           /       \                
     '              \b       y/y       y\y       b/         \           
     '               \___b___/           \___r___/           \      
     '                       \           /   r   \           /      
     '                        \g       g/g       b\         /       
     '                         \___r___/           \___ ___/    
     '                                 \           /       \    
     '                                  \b       r/         \  
     '                                   \___g___/           \  
     '                                           \           /  
     '                                            \         /  
     '                                             \___ ___/    
     '  
Now the breadth_first_tree_search complited, current time is: 10/01/16 12:41:56, 12:41:56


Ready to start depth_first_tree_search
We finde the solution!
Local current time : Sat Oct 01 12:41:56 2016
 
     '                                              _______      
     '                                             /       \     
     '                                            /         \    
     '                                    _______/           \   
     '                                   /   b   \           /   
     '                                  /g       g\         /   
     '                          _______/           \___ ___/                      
     '                         /   g   \           /       \                       
     '                        /y       r\r       r/         \                 
     '                _______/           \___b___/           \                        
     '               /   b   \           /   b   \           /                    
     '              /b       r\r       g/g       g\         /                        
     '      _______/           \___y___/           \___ ___/                      
     '     /   b   \           /   y   \           /       \                        
     '    /r       y\y       y/y       b\b       y/         \                       
     '   /           \___r___/           \___y___/           \                  
     '   \           /   r   \           /   y   \           /            
     '    \r       y/y       r\r       b/b       g\         /               
     '     \___b___/           \___r___/           \___ ___/                       
     '             \           /   r   \           /       \                
     '              \y       b/b       y\y       g/         \           
     '               \___b___/           \___b___/           \      
     '                       \           /   b   \           /      
     '                        \b       y/y       y\         /       
     '                         \___r___/           \___ ___/    
     '                                 \           /       \    
     '                                  \r       r/         \  
     '                                   \___b___/           \  
     '                                           \           /  
     '                                            \         /  
     '                                             \___ ___/    
     '  
Now the depth_first_tree_search complited, current time : 10/01/16 12:41:56, 12:41:56


Ready to start depth_first_graph_search
We finde the solution!
Local current time : Sat Oct 01 12:41:56 2016
 
     '                                              _______      
     '                                             /       \     
     '                                            /         \    
     '                                    _______/           \   
     '                                   /   b   \           /   
     '                                  /g       g\         /   
     '                          _______/           \___ ___/                      
     '                         /   g   \           /       \                       
     '                        /y       r\r       r/         \                 
     '                _______/           \___b___/           \                        
     '               /   b   \           /   b   \           /                    
     '              /b       r\r       g/g       g\         /                        
     '      _______/           \___y___/           \___ ___/                      
     '     /   b   \           /   y   \           /       \                        
     '    /r       y\y       y/y       b\b       y/         \                       
     '   /           \___r___/           \___y___/           \                  
     '   \           /   r   \           /   y   \           /            
     '    \r       y/y       r\r       b/b       g\         /               
     '     \___b___/           \___r___/           \___ ___/                       
     '             \           /   r   \           /       \                
     '              \y       b/b       y\y       g/         \           
     '               \___b___/           \___b___/           \      
     '                       \           /   b   \           /      
     '                        \b       y/y       y\         /       
     '                         \___r___/           \___ ___/    
     '                                 \           /       \    
     '                                  \r       r/         \  
     '                                   \___b___/           \  
     '                                           \           /  
     '                                            \         /  
     '                                             \___ ___/    
     '  
Now the depth_first_graph_search complited, current time : 10/01/16 12:41:56, 12:41:56


Ready to start breadth_first_search
