Now we try to solve 7 tailes
print out tile ('r', 'y', 'g', 'r', 'g', 'y') 
   _______
  /   g   \
 /y       r\
/           \
\           /
 \r       g/
  \___y___/ 
print out tile ('y', 'r', 'b', 'r', 'y', 'b') 
   _______
  /   b   \
 /r       r\
/           \
\           /
 \y       y/
  \___b___/ 
print out tile ('y', 'b', 'g', 'b', 'g', 'y') 
   _______
  /   g   \
 /b       b\
/           \
\           /
 \y       g/
  \___y___/ 
print out tile ('y', 'b', 'y', 'g', 'g', 'b') 
   _______
  /   y   \
 /b       g\
/           \
\           /
 \y       g/
  \___b___/ 
print out tile ('r', 'y', 'r', 'y', 'b', 'b') 
   _______
  /   r   \
 /y       y\
/           \
\           /
 \r       b/
  \___b___/ 
print out tile ('r', 'b', 'r', 'g', 'b', 'g') 
   _______
  /   r   \
 /b       g\
/           \
\           /
 \r       b/
  \___g___/ 
print out tile ('y', 'y', 'r', 'b', 'b', 'r') 
   _______
  /   r   \
 /y       b\
/           \
\           /
 \y       b/
  \___r___/ 

Start up
Init compled, total we have 42 tiles, including all rotations
 
     '                                              _______      
     '                                             /       \     
     '                                            /         \    
     '                                    _______/           \   
     '                                   /       \           /   
     '                                  /         \         /   
     '                          _______/           \___ ___/                      
     '                         /       \           /       \                       
     '                        /         \         /         \                 
     '                _______/           \___ ___/           \                        
     '               /       \           /       \           /                    
     '              /         \         /         \         /                        
     '      _______/           \___ ___/           \___ ___/                      
     '     /       \           /       \           /       \                        
     '    /         \         /         \         /         \                       
     '   /           \___ ___/           \___ ___/           \                  
     '   \           /       \           /       \           /            
     '    \         /         \         /         \         /               
     '     \___ ___/           \___ ___/           \___ ___/                       
     '             \           /       \           /       \                
     '              \         /         \         /         \           
     '               \___ ___/           \___ ___/           \      
     '                       \           /       \           /      
     '                        \         /         \         /       
     '                         \___ ___/           \___ ___/    
     '                                 \           /       \    
     '                                  \         /         \  
     '                                   \___ ___/           \  
     '                                           \           /  
     '                                            \         /  
     '                                             \___ ___/    
     '  
Startup time is: 10/01/16 13:49:41, 13:49:41
TantrixPyramid15
Current State:
 
     '                                              _______      
     '                                             /       \     
     '                                            /         \    
     '                                    _______/           \   
     '                                   /       \           /   
     '                                  /         \         /   
     '                          _______/           \___ ___/                      
     '                         /       \           /       \                       
     '                        /         \         /         \                 
     '                _______/           \___ ___/           \                        
     '               /       \           /       \           /                    
     '              /         \         /         \         /                        
     '      _______/           \___ ___/           \___ ___/                      
     '     /       \           /       \           /       \                        
     '    /         \         /         \         /         \                       
     '   /           \___ ___/           \___ ___/           \                  
     '   \           /       \           /       \           /            
     '    \         /         \         /         \         /               
     '     \___ ___/           \___ ___/           \___ ___/                       
     '             \           /       \           /       \                
     '              \         /         \         /         \           
     '               \___ ___/           \___ ___/           \      
     '                       \           /       \           /      
     '                        \         /         \         /       
     '                         \___ ___/           \___ ___/    
     '                                 \           /       \    
     '                                  \         /         \  
     '                                   \___ ___/           \  
     '                                           \           /  
     '                                            \         /  
     '                                             \___ ___/    
     '  
Ready to start astar_search
We finde the solution!
Local current time : Sat Oct 01 13:49:50 2016
 
     '                                              _______      
     '                                             /       \     
     '                                            /         \    
     '                                    _______/           \   
     '                                   /       \           /   
     '                                  /         \         /   
     '                          _______/           \___ ___/                      
     '                         /   b   \           /       \                       
     '                        /y       y\         /         \                 
     '                _______/           \___ ___/           \                        
     '               /   b   \           /       \           /                    
     '              /r       b\b       g/         \         /                        
     '      _______/           \___g___/           \___ ___/                      
     '     /   g   \           /   g   \           /       \                        
     '    /r       y\y       r/r       b\         /         \                       
     '   /           \___y___/           \___ ___/           \                  
     '   \           /   y   \           /       \           /            
     '    \g       r/r       b\b       g/         \         /               
     '     \___y___/           \___r___/           \___ ___/                       
     '             \           /   r   \           /       \                
     '              \y       b/b       y\         /         \           
     '               \___r___/           \___ ___/           \      
     '                       \           /   g   \           /      
     '                        \r       b/b       y\         /       
     '                         \___y___/           \___ ___/    
     '                                 \           /       \    
     '                                  \g       y/         \  
     '                                   \___b___/           \  
     '                                           \           /  
     '                                            \         /  
     '                                             \___ ___/    
     '  
Now the astar_search complited, current time is:10/01/16 13:49:50, 13:49:50,  take 8.61500000954 sec 


Ready to start breadth_first_tree_search
We finde the solution!
Local current time : Sat Oct 01 13:49:50 2016
 
     '                                              _______      
     '                                             /       \     
     '                                            /         \    
     '                                    _______/           \   
     '                                   /       \           /   
     '                                  /         \         /   
     '                          _______/           \___ ___/                      
     '                         /   r   \           /       \                       
     '                        /y       b\         /         \                 
     '                _______/           \___ ___/           \                        
     '               /   g   \           /       \           /                    
     '              /b       b\b       r/         \         /                        
     '      _______/           \___y___/           \___ ___/                      
     '     /   y   \           /   y   \           /       \                        
     '    /r       y\y       g/g       r\         /         \                       
     '   /           \___y___/           \___ ___/           \                  
     '   \           /   y   \           /       \           /            
     '    \b       r/r       r\r       y/         \         /               
     '     \___b___/           \___g___/           \___ ___/                       
     '             \           /   g   \           /       \                
     '              \b       y/y       g\         /         \           
     '               \___b___/           \___ ___/           \      
     '                       \           /   g   \           /      
     '                        \b       b/b       r\         /       
     '                         \___y___/           \___ ___/    
     '                                 \           /       \    
     '                                  \g       b/         \  
     '                                   \___r___/           \  
     '                                           \           /  
     '                                            \         /  
     '                                             \___ ___/    
     '  
Now the breadth_first_tree_search complited,  current time is:10/01/16 13:49:50, 13:49:50,  take 0.30999994278 sec 


Ready to start depth_first_tree_search
We finde the solution!
Local current time : Sat Oct 01 13:49:50 2016
 
     '                                              _______      
     '                                             /       \     
     '                                            /         \    
     '                                    _______/           \   
     '                                   /       \           /   
     '                                  /         \         /   
     '                          _______/           \___ ___/                      
     '                         /   r   \           /       \                       
     '                        /b       g\         /         \                 
     '                _______/           \___ ___/           \                        
     '               /   y   \           /       \           /                    
     '              /y       r\r       b/         \         /                        
     '      _______/           \___g___/           \___ ___/                      
     '     /   g   \           /   g   \           /       \                        
     '    /y       r\r       b/b       b\         /         \                       
     '   /           \___b___/           \___ ___/           \                  
     '   \           /   b   \           /       \           /            
     '    \r       g/g       y\y       g/         \         /               
     '     \___y___/           \___y___/           \___ ___/                       
     '             \           /   y   \           /       \                
     '              \g       b/b       r\         /         \           
     '               \___y___/           \___ ___/           \      
     '                       \           /   b   \           /      
     '                        \y       b/b       r\         /       
     '                         \___r___/           \___ ___/    
     '                                 \           /       \    
     '                                  \y       y/         \  
     '                                   \___r___/           \  
     '                                           \           /  
     '                                            \         /  
     '                                             \___ ___/    
     '  
Now the depth_first_tree_search complited,  current time is:10/01/16 13:49:50, 13:49:50,  take 0.0 sec 


Ready to start depth_first_graph_search
We finde the solution!
Local current time : Sat Oct 01 13:49:50 2016
 
     '                                              _______      
     '                                             /       \     
     '                                            /         \    
     '                                    _______/           \   
     '                                   /       \           /   
     '                                  /         \         /   
     '                          _______/           \___ ___/                      
     '                         /   r   \           /       \                       
     '                        /b       g\         /         \                 
     '                _______/           \___ ___/           \                        
     '               /   y   \           /       \           /                    
     '              /y       r\r       b/         \         /                        
     '      _______/           \___g___/           \___ ___/                      
     '     /   g   \           /   g   \           /       \                        
     '    /y       r\r       b/b       b\         /         \                       
     '   /           \___b___/           \___ ___/           \                  
     '   \           /   b   \           /       \           /            
     '    \r       g/g       y\y       g/         \         /               
     '     \___y___/           \___y___/           \___ ___/                       
     '             \           /   y   \           /       \                
     '              \g       b/b       r\         /         \           
     '               \___y___/           \___ ___/           \      
     '                       \           /   b   \           /      
     '                        \y       b/b       r\         /       
     '                         \___r___/           \___ ___/    
     '                                 \           /       \    
     '                                  \y       y/         \  
     '                                   \___r___/           \  
     '                                           \           /  
     '                                            \         /  
     '                                             \___ ___/    
     '  
Now the depth_first_graph_search complited,  current time is:10/01/16 13:49:50, 13:49:50,  take 0.0 sec 


Ready to start breadth_first_search
We finde the solution!
Local current time : Sat Oct 01 13:49:56 2016
 
     '                                              _______      
     '                                             /       \     
     '                                            /         \    
     '                                    _______/           \   
     '                                   /       \           /   
     '                                  /         \         /   
     '                          _______/           \___ ___/                      
     '                         /   r   \           /       \                       
     '                        /y       b\         /         \                 
     '                _______/           \___ ___/           \                        
     '               /   g   \           /       \           /                    
     '              /b       b\b       r/         \         /                        
     '      _______/           \___y___/           \___ ___/                      
     '     /   y   \           /   y   \           /       \                        
     '    /r       y\y       g/g       r\         /         \                       
     '   /           \___y___/           \___ ___/           \                  
     '   \           /   y   \           /       \           /            
     '    \b       r/r       r\r       y/         \         /               
     '     \___b___/           \___g___/           \___ ___/                       
     '             \           /   g   \           /       \                
     '              \b       y/y       g\         /         \           
     '               \___b___/           \___ ___/           \      
     '                       \           /   g   \           /      
     '                        \b       b/b       r\         /       
     '                         \___y___/           \___ ___/    
     '                                 \           /       \    
     '                                  \g       b/         \  
     '                                   \___r___/           \  
     '                                           \           /  
     '                                            \         /  
     '                                             \___ ___/    
     '  
Now the breadth_first_search complited, current time is:10/01/16 13:49:56, 13:49:56,  take 5.72200012207 sec 


We finde the solution!
Local current time : Sat Oct 01 13:50:05 2016
 
     '                                              _______      
     '                                             /       \     
     '                                            /         \    
     '                                    _______/           \   
     '                                   /       \           /   
     '                                  /         \         /   
     '                          _______/           \___ ___/                      
     '                         /   r   \           /       \                       
     '                        /b       g\         /         \                 
     '                _______/           \___ ___/           \                        
     '               /   b   \           /       \           /                    
     '              /r       r\r       b/         \         /                        
     '      _______/           \___g___/           \___ ___/                      
     '     /   r   \           /   g   \           /       \                        
     '    /y       y\y       y/y       r\         /         \                       
     '   /           \___b___/           \___ ___/           \                  
     '   \           /   b   \           /       \           /            
     '    \r       b/b       r\r       g/         \         /               
     '     \___b___/           \___y___/           \___ ___/                       
     '             \           /   y   \           /       \                
     '              \r       y/y       b\         /         \           
     '               \___y___/           \___ ___/           \      
     '                       \           /   g   \           /      
     '                        \g       g/g       b\         /       
     '                         \___b___/           \___ ___/    
     '                                 \           /       \    
     '                                  \y       y/         \  
     '                                   \___b___/           \  
     '                                           \           /  
     '                                            \         /  
     '                                             \___ ___/    
     '  
We finde the solution!
Local current time : Sat Oct 01 13:50:05 2016
 
     '                                              _______      
     '                                             /       \     
     '                                            /         \    
     '                                    _______/           \   
     '                                   /       \           /   
     '                                  /         \         /   
     '                          _______/           \___ ___/                      
     '                         /   r   \           /       \                       
     '                        /y       b\         /         \                 
     '                _______/           \___ ___/           \                        
     '               /   g   \           /       \           /                    
     '              /b       b\b       r/         \         /                        
     '      _______/           \___y___/           \___ ___/                      
     '     /   y   \           /   y   \           /       \                        
     '    /r       y\y       g/g       r\         /         \                       
     '   /           \___y___/           \___ ___/           \                  
     '   \           /   y   \           /       \           /            
     '    \b       r/r       r\r       y/         \         /               
     '     \___b___/           \___g___/           \___ ___/                       
     '             \           /   g   \           /       \                
     '              \b       y/y       g\         /         \           
     '               \___b___/           \___ ___/           \      
     '                       \           /   g   \           /      
     '                        \b       b/b       r\         /       
     '                         \___y___/           \___ ___/    
     '                                 \           /       \    
     '                                  \g       b/         \  
     '                                   \___r___/           \  
     '                                           \           /  
     '                                            \         /  
     '                                             \___ ___/    
     '  
We finde the solution!
Local current time : Sat Oct 01 13:50:05 2016
 
     '                                              _______      
     '                                             /       \     
     '                                            /         \    
     '                                    _______/           \   
     '                                   /       \           /   
     '                                  /         \         /   
     '                          _______/           \___ ___/                      
     '                         /   r   \           /       \                       
     '                        /b       g\         /         \                 
     '                _______/           \___ ___/           \                        
     '               /   y   \           /       \           /                    
     '              /y       r\r       b/         \         /                        
     '      _______/           \___g___/           \___ ___/                      
     '     /   g   \           /   g   \           /       \                        
     '    /y       r\r       b/b       b\         /         \                       
     '   /           \___b___/           \___ ___/           \                  
     '   \           /   b   \           /       \           /            
     '    \r       g/g       y\y       g/         \         /               
     '     \___y___/           \___y___/           \___ ___/                       
     '             \           /   y   \           /       \                
     '              \g       b/b       r\         /         \           
     '               \___y___/           \___ ___/           \      
     '                       \           /   b   \           /      
     '                        \y       b/b       r\         /       
     '                         \___r___/           \___ ___/    
     '                                 \           /       \    
     '                                  \y       y/         \  
     '                                   \___r___/           \  
     '                                           \           /  
     '                                            \         /  
     '                                             \___ ___/    
     '  
We finde the solution!
Local current time : Sat Oct 01 13:50:05 2016
 
     '                                              _______      
     '                                             /       \     
     '                                            /         \    
     '                                    _______/           \   
     '                                   /       \           /   
     '                                  /         \         /   
     '                          _______/           \___ ___/                      
     '                         /   r   \           /       \                       
     '                        /b       g\         /         \                 
     '                _______/           \___ ___/           \                        
     '               /   y   \           /       \           /                    
     '              /y       r\r       b/         \         /                        
     '      _______/           \___g___/           \___ ___/                      
     '     /   g   \           /   g   \           /       \                        
     '    /y       r\r       b/b       b\         /         \                       
     '   /           \___b___/           \___ ___/           \                  
     '   \           /   b   \           /       \           /            
     '    \r       g/g       y\y       g/         \         /               
     '     \___y___/           \___y___/           \___ ___/                       
     '             \           /   y   \           /       \                
     '              \g       b/b       r\         /         \           
     '               \___y___/           \___ ___/           \      
     '                       \           /   b   \           /      
     '                        \y       b/b       r\         /       
     '                         \___r___/           \___ ___/    
     '                                 \           /       \    
     '                                  \y       y/         \  
     '                                   \___r___/           \  
     '                                           \           /  
     '                                            \         /  
     '                                             \___ ___/    
     '  
We finde the solution!
Local current time : Sat Oct 01 13:50:11 2016
 
     '                                              _______      
     '                                             /       \     
     '                                            /         \    
     '                                    _______/           \   
     '                                   /       \           /   
     '                                  /         \         /   
     '                          _______/           \___ ___/                      
     '                         /   r   \           /       \                       
     '                        /y       b\         /         \                 
     '                _______/           \___ ___/           \                        
     '               /   g   \           /       \           /                    
     '              /b       b\b       r/         \         /                        
     '      _______/           \___y___/           \___ ___/                      
     '     /   y   \           /   y   \           /       \                        
     '    /r       y\y       g/g       r\         /         \                       
     '   /           \___y___/           \___ ___/           \                  
     '   \           /   y   \           /       \           /            
     '    \b       r/r       r\r       y/         \         /               
     '     \___b___/           \___g___/           \___ ___/                       
     '             \           /   g   \           /       \                
     '              \b       y/y       g\         /         \           
     '               \___b___/           \___ ___/           \      
     '                       \           /   g   \           /      
     '                        \b       b/b       r\         /       
     '                         \___y___/           \___ ___/    
     '                                 \           /       \    
     '                                  \g       b/         \  
     '                                   \___r___/           \  
     '                                           \           /  
     '                                            \         /  
     '                                             \___ ___/    
     '  
algorithm                   Tantrix pyramid 15   
astar_search                <7228/7230/8465/(('r>
breadth_first_tree_search   <7228/7229/8465/(('b>
depth_first_tree_search     <  22/  23/  77/(('r>
depth_first_graph_search    <  22/  23/  77/(('r>
breadth_first_search        <6398/7229/7229/(('b>
End
