Now we try to solve 8 tailes
print out tile ('r', 'y', 'g', 'r', 'g', 'y') 
   _______
  /   g   \
 /y       r\
/           \
\           /
 \r       g/
  \___y___/ 
print out tile ('y', 'r', 'b', 'r', 'y', 'b') 
   _______
  /   b   \
 /r       r\
/           \
\           /
 \y       y/
  \___b___/ 
print out tile ('y', 'b', 'g', 'b', 'g', 'y') 
   _______
  /   g   \
 /b       b\
/           \
\           /
 \y       g/
  \___y___/ 
print out tile ('y', 'b', 'y', 'g', 'g', 'b') 
   _______
  /   y   \
 /b       g\
/           \
\           /
 \y       g/
  \___b___/ 
print out tile ('r', 'y', 'r', 'y', 'b', 'b') 
   _______
  /   r   \
 /y       y\
/           \
\           /
 \r       b/
  \___b___/ 
print out tile ('r', 'b', 'r', 'g', 'b', 'g') 
   _______
  /   r   \
 /b       g\
/           \
\           /
 \r       b/
  \___g___/ 
print out tile ('y', 'y', 'r', 'b', 'b', 'r') 
   _______
  /   r   \
 /y       b\
/           \
\           /
 \y       b/
  \___r___/ 
print out tile ('b', 'r', 'r', 'b', 'y', 'y') 
   _______
  /   r   \
 /r       b\
/           \
\           /
 \b       y/
  \___y___/ 

Start up
Init compled, total we have 48 tiles, including all rotations
 
     '                                              _______      
     '                                             /       \     
     '                                            /         \    
     '                                    _______/           \   
     '                                   /       \           /   
     '                                  /         \         /   
     '                          _______/           \___ ___/                      
     '                         /       \           /       \                       
     '                        /         \         /         \                 
     '                _______/           \___ ___/           \                        
     '               /       \           /       \           /                    
     '              /         \         /         \         /                        
     '      _______/           \___ ___/           \___ ___/                      
     '     /       \           /       \           /       \                        
     '    /         \         /         \         /         \                       
     '   /           \___ ___/           \___ ___/           \                  
     '   \           /       \           /       \           /            
     '    \         /         \         /         \         /               
     '     \___ ___/           \___ ___/           \___ ___/                       
     '             \           /       \           /       \                
     '              \         /         \         /         \           
     '               \___ ___/           \___ ___/           \      
     '                       \           /       \           /      
     '                        \         /         \         /       
     '                         \___ ___/           \___ ___/    
     '                                 \           /       \    
     '                                  \         /         \  
     '                                   \___ ___/           \  
     '                                           \           /  
     '                                            \         /  
     '                                             \___ ___/    
     '  
Startup time is: 10/01/16 13:50:37, 13:50:37
TantrixPyramid15
Current State:
 
     '                                              _______      
     '                                             /       \     
     '                                            /         \    
     '                                    _______/           \   
     '                                   /       \           /   
     '                                  /         \         /   
     '                          _______/           \___ ___/                      
     '                         /       \           /       \                       
     '                        /         \         /         \                 
     '                _______/           \___ ___/           \                        
     '               /       \           /       \           /                    
     '              /         \         /         \         /                        
     '      _______/           \___ ___/           \___ ___/                      
     '     /       \           /       \           /       \                        
     '    /         \         /         \         /         \                       
     '   /           \___ ___/           \___ ___/           \                  
     '   \           /       \           /       \           /            
     '    \         /         \         /         \         /               
     '     \___ ___/           \___ ___/           \___ ___/                       
     '             \           /       \           /       \                
     '              \         /         \         /         \           
     '               \___ ___/           \___ ___/           \      
     '                       \           /       \           /      
     '                        \         /         \         /       
     '                         \___ ___/           \___ ___/    
     '                                 \           /       \    
     '                                  \         /         \  
     '                                   \___ ___/           \  
     '                                           \           /  
     '                                            \         /  
     '                                             \___ ___/    
     '  
Ready to start astar_search
We finde the solution!
Local current time : Sat Oct 01 13:52:27 2016
 
     '                                              _______      
     '                                             /       \     
     '                                            /         \    
     '                                    _______/           \   
     '                                   /       \           /   
     '                                  /         \         /   
     '                          _______/           \___ ___/                      
     '                         /   y   \           /       \                       
     '                        /g       y\         /         \                 
     '                _______/           \___ ___/           \                        
     '               /   b   \           /       \           /                    
     '              /r       b\b       b/         \         /                        
     '      _______/           \___g___/           \___ ___/                      
     '     /   y   \           /   g   \           /       \                        
     '    /b       y\y       r/r       b\         /         \                       
     '   /           \___y___/           \___ ___/           \                  
     '   \           /   y   \           /   r   \           /            
     '    \r       b/b       b\b       g/g       g\         /               
     '     \___r___/           \___r___/           \___ ___/                       
     '             \           /   r   \           /       \                
     '              \g       y/y       y\y       y/         \           
     '               \___g___/           \___r___/           \      
     '                       \           /   r   \           /      
     '                        \r       b/b       y\         /       
     '                         \___b___/           \___ ___/    
     '                                 \           /       \    
     '                                  \r       b/         \  
     '                                   \___y___/           \  
     '                                           \           /  
     '                                            \         /  
     '                                             \___ ___/    
     '  
Now the astar_search complited, current time is:10/01/16 13:52:27, 13:52:27,  take 110.26699996 sec 


Ready to start breadth_first_tree_search
We finde the solution!
Local current time : Sat Oct 01 13:52:29 2016
 
     '                                              _______      
     '                                             /       \     
     '                                            /         \    
     '                                    _______/           \   
     '                                   /       \           /   
     '                                  /         \         /   
     '                          _______/           \___ ___/                      
     '                         /   r   \           /       \                       
     '                        /b       g\         /         \                 
     '                _______/           \___ ___/           \                        
     '               /   r   \           /       \           /                    
     '              /b       r\r       b/         \         /                        
     '      _______/           \___g___/           \___ ___/                      
     '     /   y   \           /   g   \           /       \                        
     '    /r       y\y       b/b       y\         /         \                       
     '   /           \___y___/           \___ ___/           \                  
     '   \           /   y   \           /   r   \           /            
     '    \b       r/r       g\g       y/y       y\         /               
     '     \___b___/           \___b___/           \___ ___/                       
     '             \           /   b   \           /       \                
     '              \y       r/r       r\r       b/         \           
     '               \___g___/           \___b___/           \      
     '                       \           /   b   \           /      
     '                        \y       y/y       y\         /       
     '                         \___b___/           \___ ___/    
     '                                 \           /       \    
     '                                  \b       g/         \  
     '                                   \___g___/           \  
     '                                           \           /  
     '                                            \         /  
     '                                             \___ ___/    
     '  
Now the breadth_first_tree_search complited,  current time is:10/01/16 13:52:29, 13:52:29,  take 1.33000016212 sec 


Ready to start depth_first_tree_search
We finde the solution!
Local current time : Sat Oct 01 13:52:29 2016
 
     '                                              _______      
     '                                             /       \     
     '                                            /         \    
     '                                    _______/           \   
     '                                   /       \           /   
     '                                  /         \         /   
     '                          _______/           \___ ___/                      
     '                         /   y   \           /       \                       
     '                        /g       r\         /         \                 
     '                _______/           \___ ___/           \                        
     '               /   b   \           /       \           /                    
     '              /b       r\r       y/         \         /                        
     '      _______/           \___g___/           \___ ___/                      
     '     /   b   \           /   g   \           /       \                        
     '    /r       y\y       y/y       g\         /         \                       
     '   /           \___r___/           \___ ___/           \                  
     '   \           /   r   \           /   r   \           /            
     '    \r       y/y       b\b       b/b       g\         /               
     '     \___b___/           \___y___/           \___ ___/                       
     '             \           /   y   \           /       \                
     '              \y       b/b       r\r       b/         \           
     '               \___r___/           \___g___/           \      
     '                       \           /   g   \           /      
     '                        \y       b/b       b\         /       
     '                         \___r___/           \___ ___/    
     '                                 \           /       \    
     '                                  \y       g/         \  
     '                                   \___y___/           \  
     '                                           \           /  
     '                                            \         /  
     '                                             \___ ___/    
     '  
Now the depth_first_tree_search complited,  current time is:10/01/16 13:52:29, 13:52:29,  take 0.0 sec 


Ready to start depth_first_graph_search
We finde the solution!
Local current time : Sat Oct 01 13:52:29 2016
 
     '                                              _______      
     '                                             /       \     
     '                                            /         \    
     '                                    _______/           \   
     '                                   /       \           /   
     '                                  /         \         /   
     '                          _______/           \___ ___/                      
     '                         /   y   \           /       \                       
     '                        /g       r\         /         \                 
     '                _______/           \___ ___/           \                        
     '               /   b   \           /       \           /                    
     '              /b       r\r       y/         \         /                        
     '      _______/           \___g___/           \___ ___/                      
     '     /   b   \           /   g   \           /       \                        
     '    /r       y\y       y/y       g\         /         \                       
     '   /           \___r___/           \___ ___/           \                  
     '   \           /   r   \           /   r   \           /            
     '    \r       y/y       b\b       b/b       g\         /               
     '     \___b___/           \___y___/           \___ ___/                       
     '             \           /   y   \           /       \                
     '              \y       b/b       r\r       b/         \           
     '               \___r___/           \___g___/           \      
     '                       \           /   g   \           /      
     '                        \y       b/b       b\         /       
     '                         \___r___/           \___ ___/    
     '                                 \           /       \    
     '                                  \y       g/         \  
     '                                   \___y___/           \  
     '                                           \           /  
     '                                            \         /  
     '                                             \___ ___/    
     '  
Now the depth_first_graph_search complited,  current time is:10/01/16 13:52:29, 13:52:29,  take 0.00999999046326 sec 


Ready to start breadth_first_search
We finde the solution!
Local current time : Sat Oct 01 13:53:36 2016
 
     '                                              _______      
     '                                             /       \     
     '                                            /         \    
     '                                    _______/           \   
     '                                   /       \           /   
     '                                  /         \         /   
     '                          _______/           \___ ___/                      
     '                         /   r   \           /       \                       
     '                        /b       g\         /         \                 
     '                _______/           \___ ___/           \                        
     '               /   r   \           /       \           /                    
     '              /b       r\r       b/         \         /                        
     '      _______/           \___g___/           \___ ___/                      
     '     /   y   \           /   g   \           /       \                        
     '    /r       y\y       b/b       y\         /         \                       
     '   /           \___y___/           \___ ___/           \                  
     '   \           /   y   \           /   r   \           /            
     '    \b       r/r       g\g       y/y       y\         /               
     '     \___b___/           \___b___/           \___ ___/                       
     '             \           /   b   \           /       \                
     '              \y       r/r       r\r       b/         \           
     '               \___g___/           \___b___/           \      
     '                       \           /   b   \           /      
     '                        \y       y/y       y\         /       
     '                         \___b___/           \___ ___/    
     '                                 \           /       \    
     '                                  \b       g/         \  
     '                                   \___g___/           \  
     '                                           \           /  
     '                                            \         /  
     '                                             \___ ___/    
     '  
Now the breadth_first_search complited, current time is:10/01/16 13:53:36, 13:53:36,  take 67.4979999065 sec 


We finde the solution!
Local current time : Sat Oct 01 13:55:34 2016
 
     '                                              _______      
     '                                             /       \     
     '                                            /         \    
     '                                    _______/           \   
     '                                   /       \           /   
     '                                  /         \         /   
     '                          _______/           \___ ___/                      
     '                         /   g   \           /       \                       
     '                        /g       b\         /         \                 
     '                _______/           \___ ___/           \                        
     '               /   r   \           /       \           /                    
     '              /y       y\y       y/         \         /                        
     '      _______/           \___b___/           \___ ___/                      
     '     /   b   \           /   b   \           /       \                        
     '    /r       r\r       b/b       r\         /         \                       
     '   /           \___b___/           \___ ___/           \                  
     '   \           /   b   \           /   y   \           /            
     '    \y       y/y       r\r       y/y       b\         /               
     '     \___b___/           \___y___/           \___ ___/                       
     '             \           /   y   \           /       \                
     '              \y       r/r       g\g       g/         \           
     '               \___b___/           \___b___/           \      
     '                       \           /   b   \           /      
     '                        \y       r/r       r\         /       
     '                         \___g___/           \___ ___/    
     '                                 \           /       \    
     '                                  \g       g/         \  
     '                                   \___b___/           \  
     '                                           \           /  
     '                                            \         /  
     '                                             \___ ___/    
     '  
We finde the solution!
Local current time : Sat Oct 01 13:55:36 2016
 
     '                                              _______      
     '                                             /       \     
     '                                            /         \    
     '                                    _______/           \   
     '                                   /       \           /   
     '                                  /         \         /   
     '                          _______/           \___ ___/                      
     '                         /   r   \           /       \                       
     '                        /b       g\         /         \                 
     '                _______/           \___ ___/           \                        
     '               /   r   \           /       \           /                    
     '              /b       r\r       b/         \         /                        
     '      _______/           \___g___/           \___ ___/                      
     '     /   y   \           /   g   \           /       \                        
     '    /r       y\y       b/b       y\         /         \                       
     '   /           \___y___/           \___ ___/           \                  
     '   \           /   y   \           /   r   \           /            
     '    \b       r/r       g\g       y/y       y\         /               
     '     \___b___/           \___b___/           \___ ___/                       
     '             \           /   b   \           /       \                
     '              \y       r/r       r\r       b/         \           
     '               \___g___/           \___b___/           \      
     '                       \           /   b   \           /      
     '                        \y       y/y       y\         /       
     '                         \___b___/           \___ ___/    
     '                                 \           /       \    
     '                                  \b       g/         \  
     '                                   \___g___/           \  
     '                                           \           /  
     '                                            \         /  
     '                                             \___ ___/    
     '  
We finde the solution!
Local current time : Sat Oct 01 13:55:36 2016
 
     '                                              _______      
     '                                             /       \     
     '                                            /         \    
     '                                    _______/           \   
     '                                   /       \           /   
     '                                  /         \         /   
     '                          _______/           \___ ___/                      
     '                         /   y   \           /       \                       
     '                        /g       r\         /         \                 
     '                _______/           \___ ___/           \                        
     '               /   b   \           /       \           /                    
     '              /b       r\r       y/         \         /                        
     '      _______/           \___g___/           \___ ___/                      
     '     /   b   \           /   g   \           /       \                        
     '    /r       y\y       y/y       g\         /         \                       
     '   /           \___r___/           \___ ___/           \                  
     '   \           /   r   \           /   r   \           /            
     '    \r       y/y       b\b       b/b       g\         /               
     '     \___b___/           \___y___/           \___ ___/                       
     '             \           /   y   \           /       \                
     '              \y       b/b       r\r       b/         \           
     '               \___r___/           \___g___/           \      
     '                       \           /   g   \           /      
     '                        \y       b/b       b\         /       
     '                         \___r___/           \___ ___/    
     '                                 \           /       \    
     '                                  \y       g/         \  
     '                                   \___y___/           \  
     '                                           \           /  
     '                                            \         /  
     '                                             \___ ___/    
     '  
We finde the solution!
Local current time : Sat Oct 01 13:55:36 2016
 
     '                                              _______      
     '                                             /       \     
     '                                            /         \    
     '                                    _______/           \   
     '                                   /       \           /   
     '                                  /         \         /   
     '                          _______/           \___ ___/                      
     '                         /   y   \           /       \                       
     '                        /g       r\         /         \                 
     '                _______/           \___ ___/           \                        
     '               /   b   \           /       \           /                    
     '              /b       r\r       y/         \         /                        
     '      _______/           \___g___/           \___ ___/                      
     '     /   b   \           /   g   \           /       \                        
     '    /r       y\y       y/y       g\         /         \                       
     '   /           \___r___/           \___ ___/           \                  
     '   \           /   r   \           /   r   \           /            
     '    \r       y/y       b\b       b/b       g\         /               
     '     \___b___/           \___y___/           \___ ___/                       
     '             \           /   y   \           /       \                
     '              \y       b/b       r\r       b/         \           
     '               \___r___/           \___g___/           \      
     '                       \           /   g   \           /      
     '                        \y       b/b       b\         /       
     '                         \___r___/           \___ ___/    
     '                                 \           /       \    
     '                                  \y       g/         \  
     '                                   \___y___/           \  
     '                                           \           /  
     '                                            \         /  
     '                                             \___ ___/    
     '  
We finde the solution!
Local current time : Sat Oct 01 13:56:44 2016
 
     '                                              _______      
     '                                             /       \     
     '                                            /         \    
     '                                    _______/           \   
     '                                   /       \           /   
     '                                  /         \         /   
     '                          _______/           \___ ___/                      
     '                         /   r   \           /       \                       
     '                        /b       g\         /         \                 
     '                _______/           \___ ___/           \                        
     '               /   r   \           /       \           /                    
     '              /b       r\r       b/         \         /                        
     '      _______/           \___g___/           \___ ___/                      
     '     /   y   \           /   g   \           /       \                        
     '    /r       y\y       b/b       y\         /         \                       
     '   /           \___y___/           \___ ___/           \                  
     '   \           /   y   \           /   r   \           /            
     '    \b       r/r       g\g       y/y       y\         /               
     '     \___b___/           \___b___/           \___ ___/                       
     '             \           /   b   \           /       \                
     '              \y       r/r       r\r       b/         \           
     '               \___g___/           \___b___/           \      
     '                       \           /   b   \           /      
     '                        \y       y/y       y\         /       
     '                         \___b___/           \___ ___/    
     '                                 \           /       \    
     '                                  \b       g/         \  
     '                                   \___g___/           \  
     '                                           \           /  
     '                                            \         /  
     '                                             \___ ___/    
     '  
algorithm                   Tantrix pyramid 15      
astar_search                <29201/29203/30354/(('y>
breadth_first_tree_search   <29201/29202/30354/(('b>
depth_first_tree_search     < 107/ 108/ 174/(('r>   
depth_first_graph_search    < 107/ 108/ 174/(('r>   
breadth_first_search        <17939/29202/29201/(('b>
End
